  Source.cpp
D:\учёба\ВВП Лаб13\lab13part1\lab13part1\Source.cpp(5,2): error C2144: синтаксическая ошибка: перед "float" требуется ";"
D:\учёба\ВВП Лаб13\lab13part1\lab13part1\Source.cpp(6,6): error C4430: отсутствует спецификатор типа - предполагается int. Примечание. C++ не поддерживает int по умолчанию
D:\учёба\ВВП Лаб13\lab13part1\lab13part1\Source.cpp(6,2): error C2371: p: переопределение; различные базовые типы
D:\учёба\ВВП Лаб13\lab13part1\lab13part1\Source.cpp(5): message : см. объявление "p"
D:\учёба\ВВП Лаб13\lab13part1\lab13part1\Source.cpp(7,6): error C4430: отсутствует спецификатор типа - предполагается int. Примечание. C++ не поддерживает int по умолчанию
D:\учёба\ВВП Лаб13\lab13part1\lab13part1\Source.cpp(7,2): error C2371: k: переопределение; различные базовые типы
D:\учёба\ВВП Лаб13\lab13part1\lab13part1\Source.cpp(5): message : см. объявление "k"
D:\учёба\ВВП Лаб13\lab13part1\lab13part1\Source.cpp(8,2): error C2059: синтаксическая ошибка: for
D:\учёба\ВВП Лаб13\lab13part1\lab13part1\Source.cpp(8,2): error C2143: синтаксическая ошибка: отсутствие ")" перед ";"
D:\учёба\ВВП Лаб13\lab13part1\lab13part1\Source.cpp(8,12): error C2143: синтаксическая ошибка: отсутствие ";" перед "<"
D:\учёба\ВВП Лаб13\lab13part1\lab13part1\Source.cpp(8,12): error C4430: отсутствует спецификатор типа - предполагается int. Примечание. C++ не поддерживает int по умолчанию
D:\учёба\ВВП Лаб13\lab13part1\lab13part1\Source.cpp(8,10): error C2371: p: переопределение; различные базовые типы
D:\учёба\ВВП Лаб13\lab13part1\lab13part1\Source.cpp(5): message : см. объявление "p"
D:\учёба\ВВП Лаб13\lab13part1\lab13part1\Source.cpp(8,18): error C2143: синтаксическая ошибка: отсутствие ";" перед "++"
D:\учёба\ВВП Лаб13\lab13part1\lab13part1\Source.cpp(8,18): error C4430: отсутствует спецификатор типа - предполагается int. Примечание. C++ не поддерживает int по умолчанию
D:\учёба\ВВП Лаб13\lab13part1\lab13part1\Source.cpp(8,17): error C2371: p: переопределение; различные базовые типы
D:\учёба\ВВП Лаб13\lab13part1\lab13part1\Source.cpp(5): message : см. объявление "p"
D:\учёба\ВВП Лаб13\lab13part1\lab13part1\Source.cpp(8,20): error C2059: синтаксическая ошибка: )
D:\учёба\ВВП Лаб13\lab13part1\lab13part1\Source.cpp(9,2): error C2143: синтаксическая ошибка: отсутствие ";" перед "{"
D:\учёба\ВВП Лаб13\lab13part1\lab13part1\Source.cpp(9,2): error C2447: {: отсутствует заголовок функции (возможно, используется формальный список старого типа)
D:\учёба\ВВП Лаб13\lab13part1\lab13part1\Source.cpp(13,1): error C2059: синтаксическая ошибка: }
D:\учёба\ВВП Лаб13\lab13part1\lab13part1\Source.cpp(13,1): error C2143: синтаксическая ошибка: отсутствие ";" перед "}"
